<?xml version="1.0" encoding="UTF-8"?>
<testng-results ignored="0" total="1" passed="1" failed="0" skipped="0">
  <reporter-output>
  </reporter-output>
  <suite started-at="2023-07-24T12:31:02 IST" name="Default suite" finished-at="2023-07-24T12:31:06 IST" duration-ms="3499">
    <groups>
    </groups>
    <test started-at="2023-07-24T12:31:02 IST" name="Default test" finished-at="2023-07-24T12:31:06 IST" duration-ms="3499">
      <class name="extentReportsDemo.reportDemo">
        <test-method is-config="true" signature="config()[pri:0, instance:extentReportsDemo.reportDemo@2805d709]" started-at="2023-07-24T12:31:02 IST" name="config" finished-at="2023-07-24T12:31:02 IST" duration-ms="287" status="PASS">
          <reporter-output>
          </reporter-output>
        </test-method> <!-- config -->
        <test-method signature="getTiltle()[pri:0, instance:extentReportsDemo.reportDemo@2805d709]" started-at="2023-07-24T12:31:02 IST" name="getTiltle" finished-at="2023-07-24T12:31:06 IST" duration-ms="3183" status="PASS">
          <reporter-output>
          </reporter-output>
        </test-method> <!-- getTiltle -->
      </class> <!-- extentReportsDemo.reportDemo -->
    </test> <!-- Default test -->
  </suite> <!-- Default suite -->
</testng-results>
